{"email":"kavindinanayakkara8303@gmail.com","level":"info","message":"User logged in successfully","timestamp":"2024-11-29T18:55:34.869Z","userId":2}
{"level":"info","message":"User data fetched successfully","timestamp":"2024-11-29T18:55:34.909Z","userId":2}
{"level":"info","message":"Logging out user","timestamp":"2024-11-29T18:58:26.162Z"}
{"level":"info","message":"User logged out successfully","timestamp":"2024-11-29T18:58:26.166Z"}
{"level":"info","message":"User registered successfully","timestamp":"2024-11-29T18:59:13.567Z","userId":4}
{"level":"info","message":"Verifying OTP","otp":"719660","timestamp":"2024-11-29T18:59:37.522Z"}
{"level":"info","message":"User verified successfully","timestamp":"2024-11-29T18:59:37.533Z","userId":1}
{"email":"dilukshmalan@gmail.com","level":"info","message":"User logged in successfully","timestamp":"2024-11-29T19:00:15.128Z","userId":4}
{"level":"info","message":"User data fetched successfully","timestamp":"2024-11-29T19:00:15.160Z","userId":4}
{"level":"info","message":"Logging out user","timestamp":"2024-11-29T19:08:24.071Z"}
{"level":"info","message":"User logged out successfully","timestamp":"2024-11-29T19:08:24.081Z"}
{"email":"dumuthujayasinghe@gmail.com","level":"info","message":"User logged in successfully","timestamp":"2024-11-29T19:08:52.607Z","userId":1}
{"level":"info","message":"User data fetched successfully","timestamp":"2024-11-29T19:08:52.643Z","userId":1}
{"level":"info","message":"Fetching all appointments","timestamp":"2024-11-29T19:09:03.743Z"}
{"level":"info","message":"Appointments fetched successfully","timestamp":"2024-11-29T19:09:03.766Z","totalAppointments":3}
{"appointmentId":"2","level":"info","message":"Deleting appointment","timestamp":"2024-11-29T19:09:12.195Z"}
{"appointmentId":"2","level":"info","message":"Appointment deleted successfully","timestamp":"2024-11-29T19:09:12.208Z"}
{"level":"info","message":"Fetching all appointments","timestamp":"2024-11-29T19:09:12.215Z"}
{"level":"info","message":"Appointments fetched successfully","timestamp":"2024-11-29T19:09:12.221Z","totalAppointments":2}
{"appointmentId":"3","level":"info","message":"Updating appointment","status":"accepted","timestamp":"2024-11-29T19:09:15.560Z"}
{"appointmentId":"3","level":"info","message":"Appointment updated successfully","status":"accepted","timestamp":"2024-11-29T19:09:15.593Z"}
{"level":"info","message":"Fetching all appointments","timestamp":"2024-11-29T19:09:15.600Z"}
{"level":"info","message":"Appointments fetched successfully","timestamp":"2024-11-29T19:09:15.606Z","totalAppointments":2}
{"appointmentId":"1","level":"info","message":"Updating appointment","status":"cancelled","timestamp":"2024-11-29T19:09:18.186Z"}
{"appointmentId":"1","level":"info","message":"Appointment updated successfully","status":"cancelled","timestamp":"2024-11-29T19:09:18.195Z"}
{"level":"info","message":"Fetching all appointments","timestamp":"2024-11-29T19:09:18.202Z"}
{"level":"info","message":"Appointments fetched successfully","timestamp":"2024-11-29T19:09:18.206Z","totalAppointments":2}
{"level":"info","message":"Fetching all appointments","timestamp":"2024-11-29T19:09:40.360Z"}
{"level":"info","message":"Appointments fetched successfully","timestamp":"2024-11-29T19:09:40.369Z","totalAppointments":2}
{"level":"info","message":"User data fetched successfully","timestamp":"2024-11-29T19:09:57.260Z","userId":1}
{"level":"info","message":"Logging out user","timestamp":"2024-11-29T19:09:59.952Z"}
{"level":"info","message":"User logged out successfully","timestamp":"2024-11-29T19:09:59.953Z"}
{"email":"dilukshmalan@gmail.com","level":"warn","message":"Invalid password","timestamp":"2024-11-29T19:10:35.853Z"}
{"email":"dilukshmalan@gmail.com","level":"info","message":"User logged in successfully","timestamp":"2024-11-29T19:10:44.812Z","userId":4}
{"level":"info","message":"User data fetched successfully","timestamp":"2024-11-29T19:10:44.844Z","userId":4}
{"level":"info","message":"Fetching appointments for user","timestamp":"2024-11-29T19:10:52.325Z","userId":"4"}
{"level":"info","message":"User data fetched successfully","timestamp":"2024-11-29T19:10:52.329Z","userId":4}
{"level":"info","message":"User appointments fetched successfully","timestamp":"2024-11-29T19:10:52.332Z","totalAppointments":0,"userId":"4"}
{"level":"info","message":"Fetching appointments for user","timestamp":"2024-11-29T19:10:52.345Z","userId":"4"}
{"level":"info","message":"User data fetched successfully","timestamp":"2024-11-29T19:10:52.350Z","userId":4}
{"level":"info","message":"User appointments fetched successfully","timestamp":"2024-11-29T19:10:52.355Z","totalAppointments":0,"userId":"4"}
{"level":"info","message":"Fetching appointments for user","timestamp":"2024-11-29T19:10:52.361Z","userId":"4"}
{"level":"info","message":"User appointments fetched successfully","timestamp":"2024-11-29T19:10:52.368Z","totalAppointments":0,"userId":"4"}
{"doctor_name":"Dr. Nuwan Perera","level":"info","message":"Adding new appointment","patient_id":4,"status":"pending","timestamp":"2024-11-29T19:10:59.543Z"}
{"appointmentId":4,"level":"info","message":"Appointment created successfully","timestamp":"2024-11-29T19:10:59.554Z"}
{"level":"info","message":"Fetching appointments for user","timestamp":"2024-11-29T19:10:59.563Z","userId":"4"}
{"level":"info","message":"User appointments fetched successfully","timestamp":"2024-11-29T19:10:59.565Z","totalAppointments":1,"userId":"4"}
{"doctor_name":"Dr. Tharindu Fernando","level":"info","message":"Adding new appointment","patient_id":4,"status":"pending","timestamp":"2024-11-29T19:11:12.750Z"}
{"appointmentId":5,"level":"info","message":"Appointment created successfully","timestamp":"2024-11-29T19:11:12.759Z"}
{"level":"info","message":"Fetching appointments for user","timestamp":"2024-11-29T19:11:12.767Z","userId":"4"}
{"level":"info","message":"User appointments fetched successfully","timestamp":"2024-11-29T19:11:12.773Z","totalAppointments":2,"userId":"4"}
{"appointmentId":"5","level":"info","message":"Updating appointment","status":"cancelled","timestamp":"2024-11-29T19:11:34.245Z"}
{"appointmentId":"5","level":"info","message":"Appointment updated successfully","status":"cancelled","timestamp":"2024-11-29T19:11:34.254Z"}
{"level":"info","message":"Fetching appointments for user","timestamp":"2024-11-29T19:11:34.260Z","userId":"4"}
{"level":"info","message":"User appointments fetched successfully","timestamp":"2024-11-29T19:11:34.263Z","totalAppointments":2,"userId":"4"}
{"level":"info","message":"User data fetched successfully","timestamp":"2024-11-29T19:11:43.916Z","userId":4}
{"level":"info","message":"User data fetched successfully","timestamp":"2024-11-29T19:11:43.928Z","userId":4}
{"level":"info","message":"Fetching appointments for user","timestamp":"2024-11-29T19:11:43.944Z","userId":"4"}
{"level":"info","message":"User data fetched successfully","timestamp":"2024-11-29T19:11:43.957Z","userId":4}
{"level":"info","message":"User appointments fetched successfully","timestamp":"2024-11-29T19:11:43.981Z","totalAppointments":2,"userId":"4"}
{"level":"info","message":"Fetching appointments for user","timestamp":"2024-11-29T19:11:43.996Z","userId":"4"}
{"level":"info","message":"User appointments fetched successfully","timestamp":"2024-11-29T19:11:43.998Z","totalAppointments":2,"userId":"4"}
{"level":"info","message":"Fetching appointments for user","timestamp":"2024-11-29T19:11:44.003Z","userId":"4"}
{"level":"info","message":"User appointments fetched successfully","timestamp":"2024-11-29T19:11:44.011Z","totalAppointments":2,"userId":"4"}
{"level":"info","message":"User data fetched successfully","timestamp":"2024-11-29T19:11:55.268Z","userId":4}
{"level":"info","message":"Fetching all appointments","timestamp":"2024-11-29T19:12:03.446Z"}
{"level":"info","message":"Appointments fetched successfully","timestamp":"2024-11-29T19:12:03.451Z","totalAppointments":4}
{"level":"info","message":"Fetching all appointments","timestamp":"2024-11-29T19:12:17.784Z"}
{"level":"info","message":"User data fetched successfully","timestamp":"2024-11-29T19:12:17.803Z","userId":4}
{"level":"info","message":"Appointments fetched successfully","timestamp":"2024-11-29T19:12:17.810Z","totalAppointments":4}
{"level":"info","message":"Fetching all appointments","timestamp":"2024-11-29T19:17:04.265Z"}
{"level":"info","message":"Appointments fetched successfully","timestamp":"2024-11-29T19:17:04.297Z","totalAppointments":4}
{"level":"info","message":"User data fetched successfully","timestamp":"2024-11-29T19:17:04.301Z","userId":4}
{"level":"info","message":"User data fetched successfully","timestamp":"2024-11-29T19:17:04.351Z","userId":4}
{"level":"info","message":"User data fetched successfully","timestamp":"2024-11-29T19:17:20.270Z","userId":4}
{"level":"info","message":"User data fetched successfully","timestamp":"2024-11-29T19:17:20.284Z","userId":4}
{"level":"info","message":"User data fetched successfully","timestamp":"2024-11-29T19:17:29.257Z","userId":4}
{"level":"info","message":"User data fetched successfully","timestamp":"2024-11-29T19:17:29.270Z","userId":4}
{"level":"info","message":"User data fetched successfully","timestamp":"2024-11-29T19:17:54.810Z","userId":4}
{"level":"info","message":"User data fetched successfully","timestamp":"2024-11-29T19:17:54.825Z","userId":4}
{"level":"info","message":"User data fetched successfully","timestamp":"2024-11-29T19:18:13.544Z","userId":4}
{"level":"info","message":"User data fetched successfully","timestamp":"2024-11-29T19:18:13.597Z","userId":4}
{"level":"info","message":"Fetching all appointments","timestamp":"2024-11-29T19:18:18.359Z"}
{"level":"info","message":"Appointments fetched successfully","timestamp":"2024-11-29T19:18:18.383Z","totalAppointments":4}
{"level":"info","message":"User data fetched successfully","timestamp":"2024-11-29T19:18:18.389Z","userId":4}
{"level":"info","message":"User data fetched successfully","timestamp":"2024-11-29T19:18:18.401Z","userId":4}
{"level":"info","message":"Fetching appointments for user","timestamp":"2024-11-29T19:18:25.215Z","userId":"4"}
{"level":"info","message":"User data fetched successfully","timestamp":"2024-11-29T19:18:25.218Z","userId":4}
{"level":"info","message":"User appointments fetched successfully","timestamp":"2024-11-29T19:18:25.225Z","totalAppointments":2,"userId":"4"}
{"level":"info","message":"Fetching appointments for user","timestamp":"2024-11-29T19:18:25.234Z","userId":"4"}
{"level":"info","message":"User data fetched successfully","timestamp":"2024-11-29T19:18:25.236Z","userId":4}
{"level":"info","message":"User appointments fetched successfully","timestamp":"2024-11-29T19:18:25.238Z","totalAppointments":2,"userId":"4"}
{"level":"info","message":"Fetching appointments for user","timestamp":"2024-11-29T19:18:25.258Z","userId":"4"}
{"level":"info","message":"User appointments fetched successfully","timestamp":"2024-11-29T19:18:25.261Z","totalAppointments":2,"userId":"4"}
{"level":"info","message":"Logging out user","timestamp":"2024-11-29T19:26:10.988Z"}
{"level":"info","message":"User logged out successfully","timestamp":"2024-11-29T19:26:10.992Z"}
{"email":"dumuthujayasinghe@gmail.com","level":"info","message":"User logged in successfully","timestamp":"2024-11-29T19:26:40.972Z","userId":1}
{"level":"info","message":"User data fetched successfully","timestamp":"2024-11-29T19:26:41.010Z","userId":1}
{"level":"info","message":"User data fetched successfully","timestamp":"2024-11-29T19:26:47.175Z","userId":1}
{"level":"info","message":"User data fetched successfully","timestamp":"2024-11-29T19:26:52.039Z","userId":1}
{"level":"info","message":"User data fetched successfully","timestamp":"2024-11-29T19:26:54.291Z","userId":1}
{"level":"info","message":"User data fetched successfully","timestamp":"2024-11-29T19:26:54.727Z","userId":1}
{"level":"info","message":"User data fetched successfully","timestamp":"2024-11-29T19:26:56.109Z","userId":1}
{"level":"info","message":"User data fetched successfully","timestamp":"2024-11-29T19:26:57.018Z","userId":1}
{"level":"info","message":"User data fetched successfully","timestamp":"2024-11-29T19:26:57.851Z","userId":1}
{"level":"info","message":"User data fetched successfully","timestamp":"2024-11-29T19:26:58.715Z","userId":1}
{"level":"info","message":"User data fetched successfully","timestamp":"2024-11-29T19:26:59.483Z","userId":1}
{"level":"info","message":"User data fetched successfully","timestamp":"2024-11-29T19:27:00.190Z","userId":1}
{"level":"info","message":"User data fetched successfully","timestamp":"2024-11-29T19:27:01.118Z","userId":1}
{"level":"info","message":"User data fetched successfully","timestamp":"2024-11-29T19:27:02.576Z","userId":1}
{"level":"info","message":"User data fetched successfully","timestamp":"2024-11-29T19:27:03.775Z","userId":1}
{"level":"info","message":"User data fetched successfully","timestamp":"2024-11-29T19:27:04.602Z","userId":1}
{"level":"info","message":"User data fetched successfully","timestamp":"2024-11-29T19:27:05.326Z","userId":1}
{"level":"info","message":"User data fetched successfully","timestamp":"2024-11-29T19:27:27.540Z","userId":1}
{"level":"info","message":"User data fetched successfully","timestamp":"2024-11-29T19:28:11.759Z","userId":1}
{"level":"info","message":"User data fetched successfully","timestamp":"2024-11-29T19:28:11.782Z","userId":1}
{"level":"info","message":"User data fetched successfully","timestamp":"2024-11-29T19:28:13.563Z","userId":1}
{"level":"info","message":"User data fetched successfully","timestamp":"2024-11-29T19:28:14.402Z","userId":1}
{"level":"info","message":"User data fetched successfully","timestamp":"2024-11-29T19:28:14.749Z","userId":1}
{"level":"info","message":"User data fetched successfully","timestamp":"2024-11-29T19:28:15.193Z","userId":1}
{"level":"info","message":"User data fetched successfully","timestamp":"2024-11-29T19:28:15.503Z","userId":1}
{"level":"info","message":"User data fetched successfully","timestamp":"2024-11-29T19:28:16.177Z","userId":1}
{"level":"info","message":"User data fetched successfully","timestamp":"2024-11-29T19:28:16.511Z","userId":1}
{"level":"info","message":"User data fetched successfully","timestamp":"2024-11-29T19:29:03.537Z","userId":1}
{"level":"info","message":"User data fetched successfully","timestamp":"2024-11-29T19:29:03.546Z","userId":1}
{"level":"info","message":"Fetching all appointments","timestamp":"2024-11-29T19:29:06.749Z"}
{"level":"info","message":"Appointments fetched successfully","timestamp":"2024-11-29T19:29:06.766Z","totalAppointments":4}
{"appointmentId":"4","level":"info","message":"Updating appointment","status":"accepted","timestamp":"2024-11-29T19:29:15.175Z"}
{"appointmentId":"4","level":"info","message":"Appointment updated successfully","status":"accepted","timestamp":"2024-11-29T19:29:15.198Z"}
{"level":"info","message":"Fetching all appointments","timestamp":"2024-11-29T19:29:15.206Z"}
{"level":"info","message":"Appointments fetched successfully","timestamp":"2024-11-29T19:29:15.211Z","totalAppointments":4}
{"appointmentId":"3","level":"info","message":"Updating appointment","status":"accepted","timestamp":"2024-11-29T19:29:18.024Z"}
{"appointmentId":"3","level":"info","message":"Appointment updated successfully","status":"accepted","timestamp":"2024-11-29T19:29:18.028Z"}
{"level":"info","message":"Fetching all appointments","timestamp":"2024-11-29T19:29:18.037Z"}
{"level":"info","message":"Appointments fetched successfully","timestamp":"2024-11-29T19:29:18.042Z","totalAppointments":4}
{"appointmentId":"5","level":"info","message":"Updating appointment","status":"accepted","timestamp":"2024-11-29T19:29:19.838Z"}
{"appointmentId":"5","level":"info","message":"Appointment updated successfully","status":"accepted","timestamp":"2024-11-29T19:29:19.848Z"}
{"level":"info","message":"Fetching all appointments","timestamp":"2024-11-29T19:29:19.860Z"}
{"level":"info","message":"Appointments fetched successfully","timestamp":"2024-11-29T19:29:19.864Z","totalAppointments":4}
{"appointmentId":"4","level":"info","message":"Updating appointment","status":"cancelled","timestamp":"2024-11-29T19:29:22.327Z"}
{"appointmentId":"4","level":"info","message":"Appointment updated successfully","status":"cancelled","timestamp":"2024-11-29T19:29:22.333Z"}
{"level":"info","message":"Fetching all appointments","timestamp":"2024-11-29T19:29:22.341Z"}
{"level":"info","message":"Appointments fetched successfully","timestamp":"2024-11-29T19:29:22.344Z","totalAppointments":4}
